[ 2016-05-18T09:36:48+08:00 ] 127.0.0.1 /Admin/Plat/sendmsg
INFO: [ app_begin ] --START--
INFO: Run Behavior\ReadHtmlCacheBehavior [ RunTime:0.000830s ]
INFO: [ app_begin ] --END-- [ RunTime:0.001453s ]
SQL: SHOW COLUMNS FROM `member` [ RunTime:0.0058s ]
SQL: SELECT `exptime` FROM `member` WHERE ( id=1 ) LIMIT 1   [ RunTime:0.0004s ]
NOTIC: [2] Illegal offset type in isset or empty E:\ww\ThinkPHP\Library\Think\Model.class.php 第 445 行.
SQL: UPDATE `member` SET `exptime`='1463535408' WHERE ( id=1 ) [ RunTime:0.0012s ]

[ 2016-05-18T09:37:09+08:00 ] 127.0.0.1 /Admin/Plat/sendmsg
INFO: [ app_begin ] --START--
INFO: Run Behavior\ReadHtmlCacheBehavior [ RunTime:0.000724s ]
INFO: [ app_begin ] --END-- [ RunTime:0.001292s ]
SQL: SHOW COLUMNS FROM `member` [ RunTime:0.0055s ]
SQL: SELECT `exptime` FROM `member` WHERE ( id=1 ) LIMIT 1   [ RunTime:0.0004s ]

[ 2016-05-18T09:37:27+08:00 ] 127.0.0.1 /Admin/Plat/sendmsg
INFO: [ app_begin ] --START--
INFO: Run Behavior\ReadHtmlCacheBehavior [ RunTime:0.000828s ]
INFO: [ app_begin ] --END-- [ RunTime:0.001435s ]
SQL: SHOW COLUMNS FROM `member` [ RunTime:0.0062s ]
SQL: SELECT `exptime` FROM `member` WHERE ( id=1 ) LIMIT 1   [ RunTime:0.0004s ]

[ 2016-05-18T09:37:39+08:00 ] 127.0.0.1 /Admin/Plat/sendmsg
INFO: [ app_begin ] --START--
INFO: Run Behavior\ReadHtmlCacheBehavior [ RunTime:0.000837s ]
INFO: [ app_begin ] --END-- [ RunTime:0.001509s ]
SQL: SHOW COLUMNS FROM `member` [ RunTime:0.0050s ]
SQL: SELECT `exptime` FROM `member` WHERE ( id=1 ) LIMIT 1   [ RunTime:0.0004s ]

[ 2016-05-18T09:37:44+08:00 ] 127.0.0.1 /Admin/Plat/sendmsg
INFO: [ app_begin ] --START--
INFO: Run Behavior\ReadHtmlCacheBehavior [ RunTime:0.000961s ]
INFO: [ app_begin ] --END-- [ RunTime:0.001651s ]
SQL: SHOW COLUMNS FROM `member` [ RunTime:0.0057s ]
SQL: SELECT `exptime` FROM `member` WHERE ( id=1 ) LIMIT 1   [ RunTime:0.0004s ]

[ 2016-05-18T09:37:48+08:00 ] 127.0.0.1 /Admin/Plat/sendmsg
INFO: [ app_begin ] --START--
INFO: Run Behavior\ReadHtmlCacheBehavior [ RunTime:0.000834s ]
INFO: [ app_begin ] --END-- [ RunTime:0.001493s ]
SQL: SHOW COLUMNS FROM `member` [ RunTime:0.0052s ]
SQL: SELECT `exptime` FROM `member` WHERE ( id=1 ) LIMIT 1   [ RunTime:0.0004s ]

[ 2016-05-18T09:39:29+08:00 ] 127.0.0.1 /Admin/Plat/sendmsg
INFO: [ app_begin ] --START--
INFO: Run Behavior\ReadHtmlCacheBehavior [ RunTime:0.000947s ]
INFO: [ app_begin ] --END-- [ RunTime:0.001813s ]
SQL: SHOW COLUMNS FROM `member` [ RunTime:0.0881s ]
SQL: SELECT `exptime` FROM `member` WHERE ( id=1 ) LIMIT 1   [ RunTime:0.0004s ]

[ 2016-05-18T09:39:56+08:00 ] 127.0.0.1 /Admin/Plat/sendmsg
INFO: [ app_begin ] --START--
INFO: Run Behavior\ReadHtmlCacheBehavior [ RunTime:0.001419s ]
INFO: [ app_begin ] --END-- [ RunTime:0.002374s ]
SQL: SHOW COLUMNS FROM `member` [ RunTime:0.0077s ]
SQL: SELECT `exptime` FROM `member` WHERE ( id=1 ) LIMIT 1   [ RunTime:0.0005s ]
NOTIC: [2] Illegal offset type in isset or empty E:\ww\ThinkPHP\Library\Think\Model.class.php 第 445 行.
SQL: UPDATE `member` SET `exptime`='1463535596' WHERE ( id=1 ) [ RunTime:0.0010s ]

