[ 2016-05-17T09:51:20+08:00 ] 127.0.0.1 /123/Admin/Member/geteam?id=1
INFO: [ app_begin ] --START--
INFO: Run Behavior\ReadHtmlCacheBehavior [ RunTime:0.000000s ]
INFO: [ app_begin ] --END-- [ RunTime:0.000000s ]
SQL: SHOW COLUMNS FROM `member` [ RunTime:0.0000s ]
SQL: SELECT `id`,`username` FROM `member` WHERE ( id=1 ) LIMIT 1   [ RunTime:0.0000s ]
SQL: SELECT `id`,`username`,`treeplace` FROM `member` WHERE ( fatherid=1 ) ORDER BY treeplace  [ RunTime:0.0000s ]
SQL: select id,fatherid,username,treeplace from member where fatherid in (select id from member where(fatherid=1)) [ RunTime:0.0000s ]

[ 2016-05-17T09:51:21+08:00 ] 127.0.0.1 /123/Admin/Member/geteam?id=3408
INFO: [ app_begin ] --START--
INFO: Run Behavior\ReadHtmlCacheBehavior [ RunTime:0.000000s ]
INFO: [ app_begin ] --END-- [ RunTime:0.000000s ]
SQL: SHOW COLUMNS FROM `member` [ RunTime:0.0000s ]
SQL: SELECT `id`,`username` FROM `member` WHERE ( id=3408 ) LIMIT 1   [ RunTime:0.0000s ]
SQL: SELECT `id`,`username`,`treeplace` FROM `member` WHERE ( fatherid=3408 ) ORDER BY treeplace  [ RunTime:0.0000s ]
SQL: select id,fatherid,username,treeplace from member where fatherid in (select id from member where(fatherid=3408)) [ RunTime:0.0000s ]

[ 2016-05-17T09:51:22+08:00 ] 127.0.0.1 /123/Admin/Member/geteam?id=3408
INFO: [ app_begin ] --START--
INFO: Run Behavior\ReadHtmlCacheBehavior [ RunTime:0.000000s ]
INFO: [ app_begin ] --END-- [ RunTime:0.000000s ]
SQL: SHOW COLUMNS FROM `member` [ RunTime:0.0000s ]
SQL: SELECT `id`,`username` FROM `member` WHERE ( id=3408 ) LIMIT 1   [ RunTime:0.0000s ]
SQL: SELECT `id`,`username`,`treeplace` FROM `member` WHERE ( fatherid=3408 ) ORDER BY treeplace  [ RunTime:0.0000s ]
SQL: select id,fatherid,username,treeplace from member where fatherid in (select id from member where(fatherid=3408)) [ RunTime:0.0000s ]

[ 2016-05-17T09:54:53+08:00 ] 127.0.0.1 /123/Admin/Msg/deal?type=edit&id=1094
INFO: [ app_begin ] --START--
INFO: Run Behavior\ReadHtmlCacheBehavior [ RunTime:0.000000s ]
INFO: [ app_begin ] --END-- [ RunTime:0.001000s ]
SQL: SHOW COLUMNS FROM `msg` [ RunTime:0.0020s ]
INFO: [ view_parse ] --START--
INFO: [ template_filter ] --START--
INFO: Run Behavior\ContentReplaceBehavior [ RunTime:0.000000s ]
INFO: [ template_filter ] --END-- [ RunTime:0.000000s ]
INFO: Run Behavior\ParseTemplateBehavior [ RunTime:0.008001s ]
INFO: [ view_parse ] --END-- [ RunTime:0.008001s ]
INFO: [ view_filter ] --START--
INFO: Run Behavior\WriteHtmlCacheBehavior [ RunTime:0.000000s ]
INFO: [ view_filter ] --END-- [ RunTime:0.000000s ]
INFO: [ app_end ] --START--
INFO: Run Behavior\ShowPageTraceBehavior [ RunTime:0.001000s ]
INFO: [ app_end ] --END-- [ RunTime:0.001000s ]

[ 2016-05-17T09:56:16+08:00 ] 127.0.0.1 /123/Admin/Msg/deal?type=edit&id=1094
INFO: [ app_begin ] --START--
INFO: Run Behavior\ReadHtmlCacheBehavior [ RunTime:0.000000s ]
INFO: [ app_begin ] --END-- [ RunTime:0.002000s ]
SQL: SHOW COLUMNS FROM `msg` [ RunTime:0.0020s ]
INFO: [ view_parse ] --START--
INFO: [ template_filter ] --START--
INFO: Run Behavior\ContentReplaceBehavior [ RunTime:0.000000s ]
INFO: [ template_filter ] --END-- [ RunTime:0.000000s ]
INFO: Run Behavior\ParseTemplateBehavior [ RunTime:0.008000s ]
INFO: [ view_parse ] --END-- [ RunTime:0.008000s ]
INFO: [ view_filter ] --START--
INFO: Run Behavior\WriteHtmlCacheBehavior [ RunTime:0.001000s ]
INFO: [ view_filter ] --END-- [ RunTime:0.001000s ]
INFO: [ app_end ] --START--
INFO: Run Behavior\ShowPageTraceBehavior [ RunTime:0.000000s ]
INFO: [ app_end ] --END-- [ RunTime:0.000000s ]

[ 2016-05-17T09:56:17+08:00 ] 127.0.0.1 /123/Admin/Msg/deal?type=edit&id=1094
INFO: [ app_begin ] --START--
INFO: Run Behavior\ReadHtmlCacheBehavior [ RunTime:0.001000s ]
INFO: [ app_begin ] --END-- [ RunTime:0.001000s ]
SQL: SHOW COLUMNS FROM `msg` [ RunTime:0.0020s ]
INFO: [ view_parse ] --START--
INFO: [ template_filter ] --START--
INFO: Run Behavior\ContentReplaceBehavior [ RunTime:0.000000s ]
INFO: [ template_filter ] --END-- [ RunTime:0.000000s ]
INFO: Run Behavior\ParseTemplateBehavior [ RunTime:0.008001s ]
INFO: [ view_parse ] --END-- [ RunTime:0.008001s ]
INFO: [ view_filter ] --START--
INFO: Run Behavior\WriteHtmlCacheBehavior [ RunTime:0.000000s ]
INFO: [ view_filter ] --END-- [ RunTime:0.000000s ]
INFO: [ app_end ] --START--
INFO: Run Behavior\ShowPageTraceBehavior [ RunTime:0.001000s ]
INFO: [ app_end ] --END-- [ RunTime:0.001000s ]

[ 2016-05-17T09:57:12+08:00 ] 127.0.0.1 /123/Admin/Msg/deal?type=edit&id=1094
INFO: [ app_begin ] --START--
INFO: Run Behavior\ReadHtmlCacheBehavior [ RunTime:0.001000s ]
INFO: [ app_begin ] --END-- [ RunTime:0.001000s ]
SQL: SHOW COLUMNS FROM `msg` [ RunTime:0.0030s ]
INFO: [ view_parse ] --START--
INFO: [ template_filter ] --START--
INFO: Run Behavior\ContentReplaceBehavior [ RunTime:0.000000s ]
INFO: [ template_filter ] --END-- [ RunTime:0.000000s ]
INFO: Run Behavior\ParseTemplateBehavior [ RunTime:0.012000s ]
INFO: [ view_parse ] --END-- [ RunTime:0.012000s ]
INFO: [ view_filter ] --START--
INFO: Run Behavior\WriteHtmlCacheBehavior [ RunTime:0.000000s ]
INFO: [ view_filter ] --END-- [ RunTime:0.000000s ]
INFO: [ app_end ] --START--
INFO: Run Behavior\ShowPageTraceBehavior [ RunTime:0.000000s ]
INFO: [ app_end ] --END-- [ RunTime:0.000000s ]

[ 2016-05-17T09:59:43+08:00 ] 127.0.0.1 /123/Admin/Msg/deal?type=edit&id=1094
INFO: [ app_begin ] --START--
INFO: Run Behavior\ReadHtmlCacheBehavior [ RunTime:0.000000s ]
INFO: [ app_begin ] --END-- [ RunTime:0.001000s ]
SQL: SHOW COLUMNS FROM `msg` [ RunTime:0.0030s ]
INFO: [ view_parse ] --START--
INFO: [ template_filter ] --START--
INFO: Run Behavior\ContentReplaceBehavior [ RunTime:0.000000s ]
INFO: [ template_filter ] --END-- [ RunTime:0.000000s ]
INFO: Run Behavior\ParseTemplateBehavior [ RunTime:0.010000s ]
INFO: [ view_parse ] --END-- [ RunTime:0.010000s ]
INFO: [ view_filter ] --START--
INFO: Run Behavior\WriteHtmlCacheBehavior [ RunTime:0.000000s ]
INFO: [ view_filter ] --END-- [ RunTime:0.001000s ]
INFO: [ app_end ] --START--
INFO: Run Behavior\ShowPageTraceBehavior [ RunTime:0.001000s ]
INFO: [ app_end ] --END-- [ RunTime:0.001000s ]

[ 2016-05-17T10:01:21+08:00 ] 127.0.0.1 /123/Admin/Msg/deal?type=edit&id=1094
INFO: [ app_begin ] --START--
INFO: Run Behavior\ReadHtmlCacheBehavior [ RunTime:0.001000s ]
INFO: [ app_begin ] --END-- [ RunTime:0.001000s ]
SQL: SHOW COLUMNS FROM `msg` [ RunTime:0.0040s ]
INFO: [ view_parse ] --START--
INFO: [ template_filter ] --START--
INFO: Run Behavior\ContentReplaceBehavior [ RunTime:0.000000s ]
INFO: [ template_filter ] --END-- [ RunTime:0.000000s ]
INFO: Run Behavior\ParseTemplateBehavior [ RunTime:0.015001s ]
INFO: [ view_parse ] --END-- [ RunTime:0.015001s ]
INFO: [ view_filter ] --START--
INFO: Run Behavior\WriteHtmlCacheBehavior [ RunTime:0.000000s ]
INFO: [ view_filter ] --END-- [ RunTime:0.000000s ]
INFO: [ app_end ] --START--
INFO: Run Behavior\ShowPageTraceBehavior [ RunTime:0.000000s ]
INFO: [ app_end ] --END-- [ RunTime:0.000000s ]

[ 2016-05-17T10:04:00+08:00 ] 127.0.0.1 /123/Admin/Msg/detail?id=1094
ERR: 模板不存在:./Application/Admin/View/Msg/detail.html

[ 2016-05-17T11:08:31+08:00 ] 127.0.0.1 /123/Admin/Msg/reply
ERR: 非法操作:reply

[ 2016-05-17T11:09:32+08:00 ] 127.0.0.1 /123/Admin/Msg/reply
ERR: 模板不存在:./Application/Admin/View/Msg/reply.html

[ 2016-05-17T11:09:35+08:00 ] 127.0.0.1 /123/Admin/Msg/reply
ERR: 模板不存在:./Application/Admin/View/Msg/reply.html

[ 2016-05-17T11:20:13+08:00 ] 127.0.0.1 /123/Admin/Member/geteam?id=1
INFO: [ app_begin ] --START--
INFO: Run Behavior\ReadHtmlCacheBehavior [ RunTime:0.000000s ]
INFO: [ app_begin ] --END-- [ RunTime:0.000000s ]
SQL: SHOW COLUMNS FROM `member` [ RunTime:0.0030s ]
SQL: SELECT `id`,`username` FROM `member` WHERE ( id=1 ) LIMIT 1   [ RunTime:0.0000s ]
SQL: SELECT `id`,`username`,`treeplace` FROM `member` WHERE ( fatherid=1 ) ORDER BY treeplace  [ RunTime:0.0000s ]
SQL: select id,fatherid,username,treeplace from member where fatherid in (select id from member where(fatherid=1)) [ RunTime:0.0010s ]

[ 2016-05-17T11:20:22+08:00 ] 127.0.0.1 /123/Admin/Msg/reply
ERR: 模板不存在:./Application/Admin/View/Msg/reply.html

[ 2016-05-17T11:21:26+08:00 ] 127.0.0.1 /123/Admin/Msg/reply
ERR: 模板不存在:./Application/Admin/View/Msg/reply.html

[ 2016-05-17T11:21:34+08:00 ] 127.0.0.1 /123/Admin/Msg/reply
ERR: 模板不存在:./Application/Admin/View/Msg/reply.html

[ 2016-05-17T13:24:47+08:00 ] 127.0.0.1 /123/Admin/Msg/delete?id=1123
INFO: [ app_begin ] --START--
INFO: Run Behavior\ReadHtmlCacheBehavior [ RunTime:0.001000s ]
INFO: [ app_begin ] --END-- [ RunTime:0.001000s ]
SQL: SHOW COLUMNS FROM `msg` [ RunTime:0.0030s ]
INFO: [ app_end ] --START--
INFO: Run Behavior\ShowPageTraceBehavior [ RunTime:0.001000s ]
INFO: [ app_end ] --END-- [ RunTime:0.001000s ]

[ 2016-05-17T13:24:48+08:00 ] 127.0.0.1 /123/Admin/Msg/delete?id=1123
INFO: [ app_begin ] --START--
INFO: Run Behavior\ReadHtmlCacheBehavior [ RunTime:0.000000s ]
INFO: [ app_begin ] --END-- [ RunTime:0.001000s ]
SQL: SHOW COLUMNS FROM `msg` [ RunTime:0.0030s ]
INFO: [ app_end ] --START--
INFO: Run Behavior\ShowPageTraceBehavior [ RunTime:0.001000s ]
INFO: [ app_end ] --END-- [ RunTime:0.001000s ]

[ 2016-05-17T13:24:48+08:00 ] 127.0.0.1 /123/Admin/Msg/delete?id=1123
INFO: [ app_begin ] --START--
INFO: Run Behavior\ReadHtmlCacheBehavior [ RunTime:0.000000s ]
INFO: [ app_begin ] --END-- [ RunTime:0.001000s ]
SQL: SHOW COLUMNS FROM `msg` [ RunTime:0.0030s ]
INFO: [ app_end ] --START--
INFO: Run Behavior\ShowPageTraceBehavior [ RunTime:0.001000s ]
INFO: [ app_end ] --END-- [ RunTime:0.001000s ]

[ 2016-05-17T13:27:24+08:00 ] 127.0.0.1 /123/Admin/Msg/delete?id=1123
INFO: [ app_begin ] --START--
INFO: Run Behavior\ReadHtmlCacheBehavior [ RunTime:0.001000s ]
INFO: [ app_begin ] --END-- [ RunTime:0.001000s ]
SQL: SHOW COLUMNS FROM `msg` [ RunTime:0.0030s ]
INFO: [ app_end ] --START--
INFO: Run Behavior\ShowPageTraceBehavior [ RunTime:0.001000s ]
INFO: [ app_end ] --END-- [ RunTime:0.001000s ]

[ 2016-05-17T13:27:34+08:00 ] 127.0.0.1 /123/Admin/Msg/delete?id=1123
INFO: [ app_begin ] --START--
INFO: Run Behavior\ReadHtmlCacheBehavior [ RunTime:0.000000s ]
INFO: [ app_begin ] --END-- [ RunTime:0.001000s ]
SQL: SHOW COLUMNS FROM `msg` [ RunTime:0.0020s ]
INFO: [ app_end ] --START--
INFO: Run Behavior\ShowPageTraceBehavior [ RunTime:0.000000s ]
INFO: [ app_end ] --END-- [ RunTime:0.001000s ]

[ 2016-05-17T13:28:57+08:00 ] 127.0.0.1 /123/Admin/Msg/delete?id=1123
INFO: [ app_begin ] --START--
INFO: Run Behavior\ReadHtmlCacheBehavior [ RunTime:0.001000s ]
INFO: [ app_begin ] --END-- [ RunTime:0.002000s ]
SQL: SHOW COLUMNS FROM `msg` [ RunTime:0.0040s ]
SQL: SELECT * FROM `msg` WHERE ( fid=1123 ) LIMIT 1   [ RunTime:0.0010s ]
INFO: [ app_end ] --START--
INFO: Run Behavior\ShowPageTraceBehavior [ RunTime:0.001000s ]
INFO: [ app_end ] --END-- [ RunTime:0.001000s ]

[ 2016-05-17T13:29:00+08:00 ] 127.0.0.1 /123/Admin/Msg/delete?id=1123
INFO: [ app_begin ] --START--
INFO: Run Behavior\ReadHtmlCacheBehavior [ RunTime:0.001000s ]
INFO: [ app_begin ] --END-- [ RunTime:0.002000s ]
SQL: SHOW COLUMNS FROM `msg` [ RunTime:0.0030s ]
SQL: SELECT * FROM `msg` WHERE ( fid=1123 ) LIMIT 1   [ RunTime:0.0000s ]
INFO: [ app_end ] --START--
INFO: Run Behavior\ShowPageTraceBehavior [ RunTime:0.000000s ]
INFO: [ app_end ] --END-- [ RunTime:0.001000s ]

[ 2016-05-17T13:29:40+08:00 ] 127.0.0.1 /123/Admin/Msg/delete?id=1122
INFO: [ app_begin ] --START--
INFO: Run Behavior\ReadHtmlCacheBehavior [ RunTime:0.001000s ]
INFO: [ app_begin ] --END-- [ RunTime:0.001000s ]
SQL: SHOW COLUMNS FROM `msg` [ RunTime:0.0020s ]
SQL: SELECT * FROM `msg` WHERE ( fid=1122 ) LIMIT 1   [ RunTime:0.0000s ]
INFO: [ app_end ] --START--
INFO: Run Behavior\ShowPageTraceBehavior [ RunTime:0.001000s ]
INFO: [ app_end ] --END-- [ RunTime:0.001000s ]

[ 2016-05-17T13:29:56+08:00 ] 127.0.0.1 /123/Admin/Msg/delete?id=1122
INFO: [ app_begin ] --START--
INFO: Run Behavior\ReadHtmlCacheBehavior [ RunTime:0.000000s ]
INFO: [ app_begin ] --END-- [ RunTime:0.001000s ]
SQL: SHOW COLUMNS FROM `msg` [ RunTime:0.0020s ]
SQL: SELECT * FROM `msg` WHERE ( fid=1122 ) LIMIT 1   [ RunTime:0.0010s ]
INFO: [ app_end ] --START--
INFO: Run Behavior\ShowPageTraceBehavior [ RunTime:0.001000s ]
INFO: [ app_end ] --END-- [ RunTime:0.001000s ]

[ 2016-05-17T13:30:08+08:00 ] 127.0.0.1 /123/Admin/Msg/delete?id=1122
INFO: [ app_begin ] --START--
INFO: Run Behavior\ReadHtmlCacheBehavior [ RunTime:0.000000s ]
INFO: [ app_begin ] --END-- [ RunTime:0.001000s ]
SQL: SHOW COLUMNS FROM `msg` [ RunTime:0.0030s ]
SQL: SELECT * FROM `msg` WHERE ( fid=1122 ) LIMIT 1   [ RunTime:0.0010s ]
INFO: [ app_end ] --START--
INFO: Run Behavior\ShowPageTraceBehavior [ RunTime:0.001000s ]
INFO: [ app_end ] --END-- [ RunTime:0.001000s ]

[ 2016-05-17T13:33:20+08:00 ] 127.0.0.1 /123/Admin/Msg/delete?id=1122
INFO: [ app_begin ] --START--
INFO: Run Behavior\ReadHtmlCacheBehavior [ RunTime:0.001000s ]
INFO: [ app_begin ] --END-- [ RunTime:0.001000s ]
SQL: SHOW COLUMNS FROM `msg` [ RunTime:0.0040s ]
SQL: SELECT * FROM `msg` WHERE ( fid=1122 ) LIMIT 1   [ RunTime:0.0000s ]
SQL: DELETE FROM `msg` WHERE ( id=1123 ) [ RunTime:0.0000s ]
SQL: DELETE FROM `msg` WHERE ( id=1122 ) [ RunTime:0.0010s ]

[ 2016-05-17T13:34:36+08:00 ] 127.0.0.1 /123/Admin/Msg/delete?id=1124
INFO: [ app_begin ] --START--
INFO: Run Behavior\ReadHtmlCacheBehavior [ RunTime:0.001000s ]
INFO: [ app_begin ] --END-- [ RunTime:0.001000s ]
SQL: SHOW COLUMNS FROM `msg` [ RunTime:0.0030s ]
SQL: SELECT * FROM `msg` WHERE ( fid=1124 ) LIMIT 1   [ RunTime:0.0010s ]
SQL: DELETE FROM `msg` WHERE ( id=1124 ) [ RunTime:0.0000s ]

[ 2016-05-17T13:35:14+08:00 ] 127.0.0.1 /123/Admin/Msg/delete?id=1127
INFO: [ app_begin ] --START--
INFO: Run Behavior\ReadHtmlCacheBehavior [ RunTime:0.000000s ]
INFO: [ app_begin ] --END-- [ RunTime:0.001000s ]
SQL: SHOW COLUMNS FROM `msg` [ RunTime:0.0020s ]
SQL: SELECT * FROM `msg` WHERE ( fid=1127 ) LIMIT 1   [ RunTime:0.0010s ]
SQL: DELETE FROM `msg` WHERE ( id=1127 ) [ RunTime:0.0000s ]

[ 2016-05-17T13:35:18+08:00 ] 127.0.0.1 /123/Admin/Msg/delete?id=1126
INFO: [ app_begin ] --START--
INFO: Run Behavior\ReadHtmlCacheBehavior [ RunTime:0.001001s ]
INFO: [ app_begin ] --END-- [ RunTime:0.001001s ]
SQL: SHOW COLUMNS FROM `msg` [ RunTime:0.0030s ]
SQL: SELECT * FROM `msg` WHERE ( fid=1126 ) LIMIT 1   [ RunTime:0.0000s ]
SQL: DELETE FROM `msg` WHERE ( id=1126 ) [ RunTime:0.0000s ]

[ 2016-05-17T13:35:32+08:00 ] 127.0.0.1 /123/Admin/Msg/delete?id=1125
INFO: [ app_begin ] --START--
INFO: Run Behavior\ReadHtmlCacheBehavior [ RunTime:0.001000s ]
INFO: [ app_begin ] --END-- [ RunTime:0.002001s ]
SQL: SHOW COLUMNS FROM `msg` [ RunTime:0.0040s ]
SQL: SELECT * FROM `msg` WHERE ( fid=1125 ) LIMIT 1   [ RunTime:0.0000s ]
SQL: DELETE FROM `msg` WHERE ( id=1125 ) [ RunTime:0.0010s ]

[ 2016-05-17T13:35:49+08:00 ] 127.0.0.1 /123/Admin/Msg/delete?id=1128
INFO: [ app_begin ] --START--
INFO: Run Behavior\ReadHtmlCacheBehavior [ RunTime:0.001000s ]
INFO: [ app_begin ] --END-- [ RunTime:0.001000s ]
SQL: SHOW COLUMNS FROM `msg` [ RunTime:0.0040s ]
SQL: SELECT * FROM `msg` WHERE ( fid=1128 ) LIMIT 1   [ RunTime:0.0000s ]
SQL: DELETE FROM `msg` WHERE ( id=1128 ) [ RunTime:0.0000s ]

[ 2016-05-17T16:27:12+08:00 ] 127.0.0.1 /123/Admin/Plat/common/sendmsg
INFO: [ app_begin ] --START--
INFO: Run Behavior\ReadHtmlCacheBehavior [ RunTime:0.001000s ]
INFO: [ app_begin ] --END-- [ RunTime:0.001000s ]
ERR: 非法操作:common

[ 2016-05-17T16:27:32+08:00 ] 127.0.0.1 /123/Admin/Plat/index.html
INFO: [ app_begin ] --START--
INFO: Run Behavior\ReadHtmlCacheBehavior [ RunTime:0.001000s ]
INFO: [ app_begin ] --END-- [ RunTime:0.001000s ]
SQL: SHOW COLUMNS FROM `webconfig` [ RunTime:0.0020s ]
SQL: SELECT * FROM `webconfig` WHERE ( id = 1 ) LIMIT 1   [ RunTime:0.0000s ]
SQL: SHOW COLUMNS FROM `member` [ RunTime:0.0030s ]
SQL: SELECT `telephone` FROM `member` WHERE ( id=1000 ) LIMIT 1   [ RunTime:0.0010s ]
INFO: [ view_parse ] --START--
INFO: [ template_filter ] --START--
INFO: Run Behavior\ContentReplaceBehavior [ RunTime:0.000000s ]
INFO: [ template_filter ] --END-- [ RunTime:0.000000s ]
NOTIC: [8] Use of undefined constant common - assumed 'common' D:\WWW\123\Application\Runtime\Cache\Admin\2d3f13cb90fb8ba8f7e3bb90228bbeae.php 第 391 行.
NOTIC: [8] Use of undefined constant sendmsg - assumed 'sendmsg' D:\WWW\123\Application\Runtime\Cache\Admin\2d3f13cb90fb8ba8f7e3bb90228bbeae.php 第 391 行.
NOTIC: [2] Division by zero D:\WWW\123\Application\Runtime\Cache\Admin\2d3f13cb90fb8ba8f7e3bb90228bbeae.php 第 391 行.
INFO: Run Behavior\ParseTemplateBehavior [ RunTime:0.009001s ]
INFO: [ view_parse ] --END-- [ RunTime:0.009001s ]
INFO: [ view_filter ] --START--
INFO: Run Behavior\WriteHtmlCacheBehavior [ RunTime:0.000000s ]
INFO: [ view_filter ] --END-- [ RunTime:0.000000s ]
INFO: [ app_end ] --START--
INFO: Run Behavior\ShowPageTraceBehavior [ RunTime:0.000000s ]
INFO: [ app_end ] --END-- [ RunTime:0.000000s ]

[ 2016-05-17T16:27:57+08:00 ] 127.0.0.1 /123/Admin/Plat/index.html
INFO: [ app_begin ] --START--
INFO: Run Behavior\ReadHtmlCacheBehavior [ RunTime:0.001000s ]
INFO: [ app_begin ] --END-- [ RunTime:0.001000s ]
SQL: SHOW COLUMNS FROM `webconfig` [ RunTime:0.0020s ]
SQL: SELECT * FROM `webconfig` WHERE ( id = 1 ) LIMIT 1   [ RunTime:0.0000s ]
SQL: SHOW COLUMNS FROM `member` [ RunTime:0.0030s ]
SQL: SELECT `telephone` FROM `member` WHERE ( id=1000 ) LIMIT 1   [ RunTime:0.0000s ]
INFO: [ view_parse ] --START--
INFO: [ template_filter ] --START--
INFO: Run Behavior\ContentReplaceBehavior [ RunTime:0.000000s ]
INFO: [ template_filter ] --END-- [ RunTime:0.001000s ]
NOTIC: [8] Use of undefined constant common - assumed 'common' D:\WWW\123\Application\Runtime\Cache\Admin\2d3f13cb90fb8ba8f7e3bb90228bbeae.php 第 391 行.
NOTIC: [8] Use of undefined constant sendmsg - assumed 'sendmsg' D:\WWW\123\Application\Runtime\Cache\Admin\2d3f13cb90fb8ba8f7e3bb90228bbeae.php 第 391 行.
NOTIC: [2] Division by zero D:\WWW\123\Application\Runtime\Cache\Admin\2d3f13cb90fb8ba8f7e3bb90228bbeae.php 第 391 行.
INFO: Run Behavior\ParseTemplateBehavior [ RunTime:0.008000s ]
INFO: [ view_parse ] --END-- [ RunTime:0.008000s ]
INFO: [ view_filter ] --START--
INFO: Run Behavior\WriteHtmlCacheBehavior [ RunTime:0.001001s ]
INFO: [ view_filter ] --END-- [ RunTime:0.001001s ]
INFO: [ app_end ] --START--
INFO: Run Behavior\ShowPageTraceBehavior [ RunTime:0.001000s ]
INFO: [ app_end ] --END-- [ RunTime:0.001000s ]

[ 2016-05-17T16:27:59+08:00 ] 127.0.0.1 /123/Admin/Plat/index.html
INFO: [ app_begin ] --START--
INFO: Run Behavior\ReadHtmlCacheBehavior [ RunTime:0.000000s ]
INFO: [ app_begin ] --END-- [ RunTime:0.000000s ]
SQL: SHOW COLUMNS FROM `webconfig` [ RunTime:0.0020s ]
SQL: SELECT * FROM `webconfig` WHERE ( id = 1 ) LIMIT 1   [ RunTime:0.0000s ]
SQL: SHOW COLUMNS FROM `member` [ RunTime:0.0020s ]
SQL: SELECT `telephone` FROM `member` WHERE ( id=1000 ) LIMIT 1   [ RunTime:0.0000s ]
INFO: [ view_parse ] --START--
INFO: [ template_filter ] --START--
INFO: Run Behavior\ContentReplaceBehavior [ RunTime:0.000000s ]
INFO: [ template_filter ] --END-- [ RunTime:0.000000s ]
NOTIC: [8] Use of undefined constant common - assumed 'common' D:\WWW\123\Application\Runtime\Cache\Admin\2d3f13cb90fb8ba8f7e3bb90228bbeae.php 第 391 行.
NOTIC: [8] Use of undefined constant sendmsg - assumed 'sendmsg' D:\WWW\123\Application\Runtime\Cache\Admin\2d3f13cb90fb8ba8f7e3bb90228bbeae.php 第 391 行.
NOTIC: [2] Division by zero D:\WWW\123\Application\Runtime\Cache\Admin\2d3f13cb90fb8ba8f7e3bb90228bbeae.php 第 391 行.
INFO: Run Behavior\ParseTemplateBehavior [ RunTime:0.009000s ]
INFO: [ view_parse ] --END-- [ RunTime:0.009000s ]
INFO: [ view_filter ] --START--
INFO: Run Behavior\WriteHtmlCacheBehavior [ RunTime:0.000000s ]
INFO: [ view_filter ] --END-- [ RunTime:0.000000s ]
INFO: [ app_end ] --START--
INFO: Run Behavior\ShowPageTraceBehavior [ RunTime:0.000000s ]
INFO: [ app_end ] --END-- [ RunTime:0.000000s ]

[ 2016-05-17T16:28:01+08:00 ] 127.0.0.1 /123/Admin/Plat/index.html
INFO: [ app_begin ] --START--
INFO: Run Behavior\ReadHtmlCacheBehavior [ RunTime:0.000000s ]
INFO: [ app_begin ] --END-- [ RunTime:0.000000s ]
SQL: SHOW COLUMNS FROM `webconfig` [ RunTime:0.0030s ]
SQL: SELECT * FROM `webconfig` WHERE ( id = 1 ) LIMIT 1   [ RunTime:0.0000s ]
SQL: SHOW COLUMNS FROM `member` [ RunTime:0.0030s ]
SQL: SELECT `telephone` FROM `member` WHERE ( id=1000 ) LIMIT 1   [ RunTime:0.0000s ]
INFO: [ view_parse ] --START--
INFO: [ template_filter ] --START--
INFO: Run Behavior\ContentReplaceBehavior [ RunTime:0.000000s ]
INFO: [ template_filter ] --END-- [ RunTime:0.000000s ]
NOTIC: [8] Use of undefined constant common - assumed 'common' D:\WWW\123\Application\Runtime\Cache\Admin\2d3f13cb90fb8ba8f7e3bb90228bbeae.php 第 391 行.
NOTIC: [8] Use of undefined constant sendmsg - assumed 'sendmsg' D:\WWW\123\Application\Runtime\Cache\Admin\2d3f13cb90fb8ba8f7e3bb90228bbeae.php 第 391 行.
NOTIC: [2] Division by zero D:\WWW\123\Application\Runtime\Cache\Admin\2d3f13cb90fb8ba8f7e3bb90228bbeae.php 第 391 行.
INFO: Run Behavior\ParseTemplateBehavior [ RunTime:0.009001s ]
INFO: [ view_parse ] --END-- [ RunTime:0.009001s ]
INFO: [ view_filter ] --START--
INFO: Run Behavior\WriteHtmlCacheBehavior [ RunTime:0.000000s ]
INFO: [ view_filter ] --END-- [ RunTime:0.000000s ]
INFO: [ app_end ] --START--
INFO: Run Behavior\ShowPageTraceBehavior [ RunTime:0.000000s ]
INFO: [ app_end ] --END-- [ RunTime:0.001000s ]

[ 2016-05-17T16:28:01+08:00 ] 127.0.0.1 /123/Admin/Plat/index.html
INFO: [ app_begin ] --START--
INFO: Run Behavior\ReadHtmlCacheBehavior [ RunTime:0.000000s ]
INFO: [ app_begin ] --END-- [ RunTime:0.001000s ]
SQL: SHOW COLUMNS FROM `webconfig` [ RunTime:0.0030s ]
SQL: SELECT * FROM `webconfig` WHERE ( id = 1 ) LIMIT 1   [ RunTime:0.0000s ]
SQL: SHOW COLUMNS FROM `member` [ RunTime:0.0030s ]
SQL: SELECT `telephone` FROM `member` WHERE ( id=1000 ) LIMIT 1   [ RunTime:0.0000s ]
INFO: [ view_parse ] --START--
INFO: [ template_filter ] --START--
INFO: Run Behavior\ContentReplaceBehavior [ RunTime:0.000000s ]
INFO: [ template_filter ] --END-- [ RunTime:0.000000s ]
NOTIC: [8] Use of undefined constant common - assumed 'common' D:\WWW\123\Application\Runtime\Cache\Admin\2d3f13cb90fb8ba8f7e3bb90228bbeae.php 第 391 行.
NOTIC: [8] Use of undefined constant sendmsg - assumed 'sendmsg' D:\WWW\123\Application\Runtime\Cache\Admin\2d3f13cb90fb8ba8f7e3bb90228bbeae.php 第 391 行.
NOTIC: [2] Division by zero D:\WWW\123\Application\Runtime\Cache\Admin\2d3f13cb90fb8ba8f7e3bb90228bbeae.php 第 391 行.
INFO: Run Behavior\ParseTemplateBehavior [ RunTime:0.012000s ]
INFO: [ view_parse ] --END-- [ RunTime:0.012000s ]
INFO: [ view_filter ] --START--
INFO: Run Behavior\WriteHtmlCacheBehavior [ RunTime:0.000000s ]
INFO: [ view_filter ] --END-- [ RunTime:0.000000s ]
INFO: [ app_end ] --START--
INFO: Run Behavior\ShowPageTraceBehavior [ RunTime:0.000000s ]
INFO: [ app_end ] --END-- [ RunTime:0.000000s ]

[ 2016-05-17T16:30:35+08:00 ] 127.0.0.1 /123/Admin/Plat/index.html
INFO: [ app_begin ] --START--
INFO: Run Behavior\ReadHtmlCacheBehavior [ RunTime:0.001000s ]
INFO: [ app_begin ] --END-- [ RunTime:0.001000s ]
SQL: SHOW COLUMNS FROM `webconfig` [ RunTime:0.0020s ]
SQL: SELECT * FROM `webconfig` WHERE ( id = 1 ) LIMIT 1   [ RunTime:0.0000s ]
SQL: SHOW COLUMNS FROM `member` [ RunTime:0.0030s ]
SQL: SELECT `telephone` FROM `member` WHERE ( id=1000 ) LIMIT 1   [ RunTime:0.0000s ]
INFO: [ view_parse ] --START--
INFO: [ template_filter ] --START--
INFO: Run Behavior\ContentReplaceBehavior [ RunTime:0.000000s ]
INFO: [ template_filter ] --END-- [ RunTime:0.000000s ]
NOTIC: [8] Use of undefined constant common - assumed 'common' D:\WWW\123\Application\Runtime\Cache\Admin\2d3f13cb90fb8ba8f7e3bb90228bbeae.php 第 394 行.
NOTIC: [8] Use of undefined constant sendmsg - assumed 'sendmsg' D:\WWW\123\Application\Runtime\Cache\Admin\2d3f13cb90fb8ba8f7e3bb90228bbeae.php 第 394 行.
NOTIC: [2] Division by zero D:\WWW\123\Application\Runtime\Cache\Admin\2d3f13cb90fb8ba8f7e3bb90228bbeae.php 第 394 行.
INFO: Run Behavior\ParseTemplateBehavior [ RunTime:0.009001s ]
INFO: [ view_parse ] --END-- [ RunTime:0.009001s ]
INFO: [ view_filter ] --START--
INFO: Run Behavior\WriteHtmlCacheBehavior [ RunTime:0.000000s ]
INFO: [ view_filter ] --END-- [ RunTime:0.000000s ]
INFO: [ app_end ] --START--
INFO: Run Behavior\ShowPageTraceBehavior [ RunTime:0.000000s ]
INFO: [ app_end ] --END-- [ RunTime:0.000000s ]

[ 2016-05-17T16:30:51+08:00 ] 127.0.0.1 /123/Admin/Plat/index.html
INFO: [ app_begin ] --START--
INFO: Run Behavior\ReadHtmlCacheBehavior [ RunTime:0.000000s ]
INFO: [ app_begin ] --END-- [ RunTime:0.001000s ]
SQL: SHOW COLUMNS FROM `webconfig` [ RunTime:0.0030s ]
SQL: SELECT * FROM `webconfig` WHERE ( id = 1 ) LIMIT 1   [ RunTime:0.0000s ]
SQL: SHOW COLUMNS FROM `member` [ RunTime:0.0040s ]
SQL: SELECT `telephone` FROM `member` WHERE ( id=1000 ) LIMIT 1   [ RunTime:0.0010s ]
INFO: [ view_parse ] --START--
INFO: [ template_filter ] --START--
INFO: Run Behavior\ContentReplaceBehavior [ RunTime:0.000000s ]
INFO: [ template_filter ] --END-- [ RunTime:0.000000s ]
NOTIC: [8] Use of undefined constant common - assumed 'common' D:\WWW\123\Application\Runtime\Cache\Admin\2d3f13cb90fb8ba8f7e3bb90228bbeae.php 第 394 行.
NOTIC: [8] Use of undefined constant sendmsg - assumed 'sendmsg' D:\WWW\123\Application\Runtime\Cache\Admin\2d3f13cb90fb8ba8f7e3bb90228bbeae.php 第 394 行.
NOTIC: [2] Division by zero D:\WWW\123\Application\Runtime\Cache\Admin\2d3f13cb90fb8ba8f7e3bb90228bbeae.php 第 394 行.
INFO: Run Behavior\ParseTemplateBehavior [ RunTime:0.013001s ]
INFO: [ view_parse ] --END-- [ RunTime:0.013001s ]
INFO: [ view_filter ] --START--
INFO: Run Behavior\WriteHtmlCacheBehavior [ RunTime:0.000000s ]
INFO: [ view_filter ] --END-- [ RunTime:0.000000s ]
INFO: [ app_end ] --START--
INFO: Run Behavior\ShowPageTraceBehavior [ RunTime:0.001000s ]
INFO: [ app_end ] --END-- [ RunTime:0.001000s ]

[ 2016-05-17T16:31:26+08:00 ] 127.0.0.1 /123/Admin/common/sendmsg.html
INFO: [ app_begin ] --START--
INFO: Run Behavior\ReadHtmlCacheBehavior [ RunTime:0.001000s ]
INFO: [ app_begin ] --END-- [ RunTime:0.002000s ]
INFO: [ app_end ] --START--
INFO: Run Behavior\ShowPageTraceBehavior [ RunTime:0.001000s ]
INFO: [ app_end ] --END-- [ RunTime:0.001000s ]

[ 2016-05-17T16:31:37+08:00 ] 127.0.0.1 /123/Admin/common/sendmsg.html
INFO: [ app_begin ] --START--
INFO: Run Behavior\ReadHtmlCacheBehavior [ RunTime:0.000000s ]
INFO: [ app_begin ] --END-- [ RunTime:0.000000s ]
INFO: [ app_end ] --START--
INFO: Run Behavior\ShowPageTraceBehavior [ RunTime:0.000000s ]
INFO: [ app_end ] --END-- [ RunTime:0.000000s ]

[ 2016-05-17T16:31:41+08:00 ] 127.0.0.1 /123/Admin/common/sendmsg.html
INFO: [ app_begin ] --START--
INFO: Run Behavior\ReadHtmlCacheBehavior [ RunTime:0.001000s ]
INFO: [ app_begin ] --END-- [ RunTime:0.001000s ]
INFO: [ app_end ] --START--
INFO: Run Behavior\ShowPageTraceBehavior [ RunTime:0.000000s ]
INFO: [ app_end ] --END-- [ RunTime:0.001000s ]

[ 2016-05-17T16:32:43+08:00 ] 127.0.0.1 /123/Admin/common/sendmsg.html
INFO: [ app_begin ] --START--
INFO: Run Behavior\ReadHtmlCacheBehavior [ RunTime:0.000000s ]
INFO: [ app_begin ] --END-- [ RunTime:0.001000s ]
INFO: [ app_end ] --START--
INFO: Run Behavior\ShowPageTraceBehavior [ RunTime:0.000000s ]
INFO: [ app_end ] --END-- [ RunTime:0.000000s ]

[ 2016-05-17T16:33:09+08:00 ] 127.0.0.1 /123/Admin/common/sendmsg.html
INFO: [ app_begin ] --START--
INFO: Run Behavior\ReadHtmlCacheBehavior [ RunTime:0.000000s ]
INFO: [ app_begin ] --END-- [ RunTime:0.000000s ]
INFO: [ app_end ] --START--
INFO: Run Behavior\ShowPageTraceBehavior [ RunTime:0.001000s ]
INFO: [ app_end ] --END-- [ RunTime:0.001000s ]

[ 2016-05-17T16:33:17+08:00 ] 127.0.0.1 /123/Admin/common/sendmsg.html
INFO: [ app_begin ] --START--
INFO: Run Behavior\ReadHtmlCacheBehavior [ RunTime:0.001001s ]
INFO: [ app_begin ] --END-- [ RunTime:0.001001s ]
INFO: [ app_end ] --START--
INFO: Run Behavior\ShowPageTraceBehavior [ RunTime:0.000000s ]
INFO: [ app_end ] --END-- [ RunTime:0.000000s ]

[ 2016-05-17T16:33:18+08:00 ] 127.0.0.1 /123/Admin/common/sendmsg.html
INFO: [ app_begin ] --START--
INFO: Run Behavior\ReadHtmlCacheBehavior [ RunTime:0.000000s ]
INFO: [ app_begin ] --END-- [ RunTime:0.001001s ]
INFO: [ app_end ] --START--
INFO: Run Behavior\ShowPageTraceBehavior [ RunTime:0.001000s ]
INFO: [ app_end ] --END-- [ RunTime:0.001000s ]

[ 2016-05-17T16:33:20+08:00 ] 127.0.0.1 /123/Admin/common/sendmsg.html
INFO: [ app_begin ] --START--
INFO: Run Behavior\ReadHtmlCacheBehavior [ RunTime:0.001001s ]
INFO: [ app_begin ] --END-- [ RunTime:0.001001s ]
INFO: [ app_end ] --START--
INFO: Run Behavior\ShowPageTraceBehavior [ RunTime:0.001000s ]
INFO: [ app_end ] --END-- [ RunTime:0.001000s ]

[ 2016-05-17T16:33:21+08:00 ] 127.0.0.1 /123/Admin/common/sendmsg.html
INFO: [ app_begin ] --START--
INFO: Run Behavior\ReadHtmlCacheBehavior [ RunTime:0.000000s ]
INFO: [ app_begin ] --END-- [ RunTime:0.001000s ]
INFO: [ app_end ] --START--
INFO: Run Behavior\ShowPageTraceBehavior [ RunTime:0.001000s ]
INFO: [ app_end ] --END-- [ RunTime:0.001000s ]

[ 2016-05-17T16:33:22+08:00 ] 127.0.0.1 /123/Admin/common/sendmsg.html
INFO: [ app_begin ] --START--
INFO: Run Behavior\ReadHtmlCacheBehavior [ RunTime:0.001000s ]
INFO: [ app_begin ] --END-- [ RunTime:0.001000s ]
INFO: [ app_end ] --START--
INFO: Run Behavior\ShowPageTraceBehavior [ RunTime:0.000000s ]
INFO: [ app_end ] --END-- [ RunTime:0.000000s ]

[ 2016-05-17T16:33:23+08:00 ] 127.0.0.1 /123/Admin/common/sendmsg.html
INFO: [ app_begin ] --START--
INFO: Run Behavior\ReadHtmlCacheBehavior [ RunTime:0.000000s ]
INFO: [ app_begin ] --END-- [ RunTime:0.000000s ]
INFO: [ app_end ] --START--
INFO: Run Behavior\ShowPageTraceBehavior [ RunTime:0.000000s ]
INFO: [ app_end ] --END-- [ RunTime:0.000000s ]

[ 2016-05-17T16:33:24+08:00 ] 127.0.0.1 /123/Admin/common/sendmsg.html
INFO: [ app_begin ] --START--
INFO: Run Behavior\ReadHtmlCacheBehavior [ RunTime:0.000000s ]
INFO: [ app_begin ] --END-- [ RunTime:0.000000s ]
INFO: [ app_end ] --START--
INFO: Run Behavior\ShowPageTraceBehavior [ RunTime:0.000000s ]
INFO: [ app_end ] --END-- [ RunTime:0.000000s ]

[ 2016-05-17T16:33:25+08:00 ] 127.0.0.1 /123/Admin/common/sendmsg.html
INFO: [ app_begin ] --START--
INFO: Run Behavior\ReadHtmlCacheBehavior [ RunTime:0.000000s ]
INFO: [ app_begin ] --END-- [ RunTime:0.000000s ]
INFO: [ app_end ] --START--
INFO: Run Behavior\ShowPageTraceBehavior [ RunTime:0.000000s ]
INFO: [ app_end ] --END-- [ RunTime:0.000000s ]

[ 2016-05-17T16:33:25+08:00 ] 127.0.0.1 /123/Admin/common/sendmsg.html
INFO: [ app_begin ] --START--
INFO: Run Behavior\ReadHtmlCacheBehavior [ RunTime:0.001000s ]
INFO: [ app_begin ] --END-- [ RunTime:0.001000s ]
INFO: [ app_end ] --START--
INFO: Run Behavior\ShowPageTraceBehavior [ RunTime:0.001000s ]
INFO: [ app_end ] --END-- [ RunTime:0.001000s ]

[ 2016-05-17T16:33:25+08:00 ] 127.0.0.1 /123/Admin/common/sendmsg.html
INFO: [ app_begin ] --START--
INFO: Run Behavior\ReadHtmlCacheBehavior [ RunTime:0.001000s ]
INFO: [ app_begin ] --END-- [ RunTime:0.001000s ]
INFO: [ app_end ] --START--
INFO: Run Behavior\ShowPageTraceBehavior [ RunTime:0.001000s ]
INFO: [ app_end ] --END-- [ RunTime:0.001000s ]

[ 2016-05-17T16:33:26+08:00 ] 127.0.0.1 /123/Admin/common/sendmsg.html
INFO: [ app_begin ] --START--
INFO: Run Behavior\ReadHtmlCacheBehavior [ RunTime:0.000000s ]
INFO: [ app_begin ] --END-- [ RunTime:0.000000s ]
INFO: [ app_end ] --START--
INFO: Run Behavior\ShowPageTraceBehavior [ RunTime:0.001000s ]
INFO: [ app_end ] --END-- [ RunTime:0.001000s ]

[ 2016-05-17T16:33:26+08:00 ] 127.0.0.1 /123/Admin/common/sendmsg.html
INFO: [ app_begin ] --START--
INFO: Run Behavior\ReadHtmlCacheBehavior [ RunTime:0.001000s ]
INFO: [ app_begin ] --END-- [ RunTime:0.001000s ]
INFO: [ app_end ] --START--
INFO: Run Behavior\ShowPageTraceBehavior [ RunTime:0.001000s ]
INFO: [ app_end ] --END-- [ RunTime:0.001000s ]

[ 2016-05-17T16:33:27+08:00 ] 127.0.0.1 /123/Admin/common/sendmsg.html
INFO: [ app_begin ] --START--
INFO: Run Behavior\ReadHtmlCacheBehavior [ RunTime:0.001000s ]
INFO: [ app_begin ] --END-- [ RunTime:0.001000s ]
INFO: [ app_end ] --START--
INFO: Run Behavior\ShowPageTraceBehavior [ RunTime:0.000000s ]
INFO: [ app_end ] --END-- [ RunTime:0.000000s ]

[ 2016-05-17T16:33:27+08:00 ] 127.0.0.1 /123/Admin/common/sendmsg.html
INFO: [ app_begin ] --START--
INFO: Run Behavior\ReadHtmlCacheBehavior [ RunTime:0.001000s ]
INFO: [ app_begin ] --END-- [ RunTime:0.001000s ]
INFO: [ app_end ] --START--
INFO: Run Behavior\ShowPageTraceBehavior [ RunTime:0.000000s ]
INFO: [ app_end ] --END-- [ RunTime:0.000000s ]

[ 2016-05-17T16:33:28+08:00 ] 127.0.0.1 /123/Admin/common/sendmsg.html
INFO: [ app_begin ] --START--
INFO: Run Behavior\ReadHtmlCacheBehavior [ RunTime:0.001000s ]
INFO: [ app_begin ] --END-- [ RunTime:0.001000s ]
INFO: [ app_end ] --START--
INFO: Run Behavior\ShowPageTraceBehavior [ RunTime:0.001000s ]
INFO: [ app_end ] --END-- [ RunTime:0.001000s ]

[ 2016-05-17T16:33:28+08:00 ] 127.0.0.1 /123/Admin/common/sendmsg.html
INFO: [ app_begin ] --START--
INFO: Run Behavior\ReadHtmlCacheBehavior [ RunTime:0.000000s ]
INFO: [ app_begin ] --END-- [ RunTime:0.000000s ]
INFO: [ app_end ] --START--
INFO: Run Behavior\ShowPageTraceBehavior [ RunTime:0.000000s ]
INFO: [ app_end ] --END-- [ RunTime:0.000000s ]

[ 2016-05-17T16:33:29+08:00 ] 127.0.0.1 /123/Admin/common/sendmsg.html
INFO: [ app_begin ] --START--
INFO: Run Behavior\ReadHtmlCacheBehavior [ RunTime:0.001000s ]
INFO: [ app_begin ] --END-- [ RunTime:0.001000s ]
INFO: [ app_end ] --START--
INFO: Run Behavior\ShowPageTraceBehavior [ RunTime:0.001000s ]
INFO: [ app_end ] --END-- [ RunTime:0.001000s ]

[ 2016-05-17T16:33:29+08:00 ] 127.0.0.1 /123/Admin/common/sendmsg.html
INFO: [ app_begin ] --START--
INFO: Run Behavior\ReadHtmlCacheBehavior [ RunTime:0.000000s ]
INFO: [ app_begin ] --END-- [ RunTime:0.000000s ]
INFO: [ app_end ] --START--
INFO: Run Behavior\ShowPageTraceBehavior [ RunTime:0.000000s ]
INFO: [ app_end ] --END-- [ RunTime:0.000000s ]

[ 2016-05-17T16:33:29+08:00 ] 127.0.0.1 /123/Admin/common/sendmsg.html
INFO: [ app_begin ] --START--
INFO: Run Behavior\ReadHtmlCacheBehavior [ RunTime:0.000000s ]
INFO: [ app_begin ] --END-- [ RunTime:0.001000s ]
INFO: [ app_end ] --START--
INFO: Run Behavior\ShowPageTraceBehavior [ RunTime:0.000000s ]
INFO: [ app_end ] --END-- [ RunTime:0.000000s ]

[ 2016-05-17T16:33:34+08:00 ] 127.0.0.1 /123/Admin/common/sendmsg.html
INFO: [ app_begin ] --START--
INFO: Run Behavior\ReadHtmlCacheBehavior [ RunTime:0.000000s ]
INFO: [ app_begin ] --END-- [ RunTime:0.000000s ]
INFO: [ app_end ] --START--
INFO: Run Behavior\ShowPageTraceBehavior [ RunTime:0.000000s ]
INFO: [ app_end ] --END-- [ RunTime:0.000000s ]

[ 2016-05-17T16:33:34+08:00 ] 127.0.0.1 /123/Admin/common/sendmsg.html
INFO: [ app_begin ] --START--
INFO: Run Behavior\ReadHtmlCacheBehavior [ RunTime:0.000000s ]
INFO: [ app_begin ] --END-- [ RunTime:0.001000s ]
INFO: [ app_end ] --START--
INFO: Run Behavior\ShowPageTraceBehavior [ RunTime:0.001000s ]
INFO: [ app_end ] --END-- [ RunTime:0.001000s ]

[ 2016-05-17T16:33:34+08:00 ] 127.0.0.1 /123/Admin/common/sendmsg.html
INFO: [ app_begin ] --START--
INFO: Run Behavior\ReadHtmlCacheBehavior [ RunTime:0.001000s ]
INFO: [ app_begin ] --END-- [ RunTime:0.001000s ]
INFO: [ app_end ] --START--
INFO: Run Behavior\ShowPageTraceBehavior [ RunTime:0.001000s ]
INFO: [ app_end ] --END-- [ RunTime:0.001000s ]

[ 2016-05-17T16:35:45+08:00 ] 127.0.0.1 /123/Admin/common/sendmsg.html
INFO: [ app_begin ] --START--
INFO: Run Behavior\ReadHtmlCacheBehavior [ RunTime:0.001000s ]
INFO: [ app_begin ] --END-- [ RunTime:0.001000s ]
INFO: [ app_end ] --START--
INFO: Run Behavior\ShowPageTraceBehavior [ RunTime:0.001000s ]
INFO: [ app_end ] --END-- [ RunTime:0.001000s ]

[ 2016-05-17T16:36:46+08:00 ] 127.0.0.1 /123/Admin/common/sendmsg.html
INFO: [ app_begin ] --START--
INFO: Run Behavior\ReadHtmlCacheBehavior [ RunTime:0.001000s ]
INFO: [ app_begin ] --END-- [ RunTime:0.001000s ]

[ 2016-05-17T16:37:09+08:00 ] 127.0.0.1 /123/Admin/common/sendmsg.html
INFO: [ app_begin ] --START--
INFO: Run Behavior\ReadHtmlCacheBehavior [ RunTime:0.001000s ]
INFO: [ app_begin ] --END-- [ RunTime:0.001000s ]

[ 2016-05-17T16:37:15+08:00 ] 127.0.0.1 /123/Admin/common/sendmsg.html
INFO: [ app_begin ] --START--
INFO: Run Behavior\ReadHtmlCacheBehavior [ RunTime:0.001000s ]
INFO: [ app_begin ] --END-- [ RunTime:0.001000s ]

[ 2016-05-17T16:37:44+08:00 ] 127.0.0.1 /123/Admin/common/sendmsg.html
INFO: [ app_begin ] --START--
INFO: Run Behavior\ReadHtmlCacheBehavior [ RunTime:0.001000s ]
INFO: [ app_begin ] --END-- [ RunTime:0.001000s ]

[ 2016-05-17T16:38:15+08:00 ] 127.0.0.1 /123/Admin/common/sendmsg.html
INFO: [ app_begin ] --START--
INFO: Run Behavior\ReadHtmlCacheBehavior [ RunTime:0.001000s ]
INFO: [ app_begin ] --END-- [ RunTime:0.002000s ]

[ 2016-05-17T16:38:20+08:00 ] 127.0.0.1 /123/Admin/common/sendmsg.html
INFO: [ app_begin ] --START--
INFO: Run Behavior\ReadHtmlCacheBehavior [ RunTime:0.001001s ]
INFO: [ app_begin ] --END-- [ RunTime:0.001001s ]

[ 2016-05-17T16:38:49+08:00 ] 127.0.0.1 /123/Admin/common/sendmsg.html
INFO: [ app_begin ] --START--
INFO: Run Behavior\ReadHtmlCacheBehavior [ RunTime:0.000000s ]
INFO: [ app_begin ] --END-- [ RunTime:0.001000s ]

[ 2016-05-17T16:48:32+08:00 ] 127.0.0.1 /123/Admin/Plat/sendmsg
INFO: [ app_begin ] --START--
INFO: Run Behavior\ReadHtmlCacheBehavior [ RunTime:0.001000s ]
INFO: [ app_begin ] --END-- [ RunTime:0.001000s ]
ERR: 非法操作:sendmsg

[ 2016-05-17T16:51:41+08:00 ] 127.0.0.1 /123/Admin/Plat/sendmsg
INFO: [ app_begin ] --START--
INFO: Run Behavior\ReadHtmlCacheBehavior [ RunTime:0.001000s ]
INFO: [ app_begin ] --END-- [ RunTime:0.001000s ]
INFO: [ app_end ] --START--
INFO: Run Behavior\ShowPageTraceBehavior [ RunTime:0.000000s ]
INFO: [ app_end ] --END-- [ RunTime:0.000000s ]

[ 2016-05-17T17:01:01+08:00 ] 127.0.0.1 /123/Admin/Plat/sendmsg
INFO: [ app_begin ] --START--
INFO: Run Behavior\ReadHtmlCacheBehavior [ RunTime:0.001000s ]
INFO: [ app_begin ] --END-- [ RunTime:0.001000s ]
INFO: [ app_end ] --START--
INFO: Run Behavior\ShowPageTraceBehavior [ RunTime:0.001000s ]
INFO: [ app_end ] --END-- [ RunTime:0.001000s ]

[ 2016-05-17T17:08:16+08:00 ] 127.0.0.1 /123/Admin/Plat/sendmsg
INFO: [ app_begin ] --START--
INFO: Run Behavior\ReadHtmlCacheBehavior [ RunTime:0.000000s ]
INFO: [ app_begin ] --END-- [ RunTime:0.001000s ]
INFO: [ app_end ] --START--
INFO: Run Behavior\ShowPageTraceBehavior [ RunTime:0.001000s ]
INFO: [ app_end ] --END-- [ RunTime:0.002000s ]

[ 2016-05-17T17:16:54+08:00 ] 127.0.0.1 /123/Admin/Plat/sendmsg
INFO: [ app_begin ] --START--
INFO: Run Behavior\ReadHtmlCacheBehavior [ RunTime:0.001001s ]
INFO: [ app_begin ] --END-- [ RunTime:0.001001s ]
SQL: SHOW COLUMNS FROM `member` [ RunTime:0.0030s ]
ERR: 1054:Unknown column 'exptime' in 'field list'
 [ SQL语句 ] : SELECT `exptime` FROM `member` WHERE ( id=1000 ) LIMIT 1  
ERR: 1054:Unknown column 'exptime' in 'field list'
 [ SQL语句 ] : SELECT `exptime` FROM `member` WHERE ( id=1000 ) LIMIT 1  

[ 2016-05-17T17:17:12+08:00 ] 127.0.0.1 /123/Admin/Plat/sendmsg
INFO: [ app_begin ] --START--
INFO: Run Behavior\ReadHtmlCacheBehavior [ RunTime:0.000000s ]
INFO: [ app_begin ] --END-- [ RunTime:0.002001s ]
SQL: SHOW COLUMNS FROM `member` [ RunTime:0.0030s ]
SQL: SELECT `exptime` FROM `member` WHERE ( id=1000 ) LIMIT 1   [ RunTime:0.0010s ]

[ 2016-05-17T17:17:23+08:00 ] 127.0.0.1 /123/Admin/Plat/sendmsg
INFO: [ app_begin ] --START--
INFO: Run Behavior\ReadHtmlCacheBehavior [ RunTime:0.000000s ]
INFO: [ app_begin ] --END-- [ RunTime:0.000000s ]
SQL: SHOW COLUMNS FROM `member` [ RunTime:0.0030s ]
SQL: SELECT `exptime` FROM `member` WHERE ( id=1000 ) LIMIT 1   [ RunTime:0.0000s ]
SQL: UPDATE `member` SET `exptime`='1463476643' WHERE ( id=1000 ) [ RunTime:0.0000s ]
INFO: [ app_end ] --START--
INFO: Run Behavior\ShowPageTraceBehavior [ RunTime:0.001000s ]
INFO: [ app_end ] --END-- [ RunTime:0.001000s ]

[ 2016-05-17T17:18:11+08:00 ] 127.0.0.1 /123/Admin/Plat/sendmsg
INFO: [ app_begin ] --START--
INFO: Run Behavior\ReadHtmlCacheBehavior [ RunTime:0.001000s ]
INFO: [ app_begin ] --END-- [ RunTime:0.001000s ]
SQL: SHOW COLUMNS FROM `member` [ RunTime:0.0020s ]
SQL: SELECT `exptime` FROM `member` WHERE ( id=1000 ) LIMIT 1   [ RunTime:0.0000s ]

[ 2016-05-17T17:19:37+08:00 ] 127.0.0.1 /123/Admin/Plat/sendmsg
INFO: [ app_begin ] --START--
INFO: Run Behavior\ReadHtmlCacheBehavior [ RunTime:0.001000s ]
INFO: [ app_begin ] --END-- [ RunTime:0.001000s ]
SQL: SHOW COLUMNS FROM `member` [ RunTime:0.0030s ]
SQL: SELECT `exptime` FROM `member` WHERE ( id=1000 ) LIMIT 1   [ RunTime:0.0000s ]

[ 2016-05-17T17:31:45+08:00 ] 127.0.0.1 /123/Admin/Plat/sendmsg
INFO: [ app_begin ] --START--
INFO: Run Behavior\ReadHtmlCacheBehavior [ RunTime:0.001000s ]
INFO: [ app_begin ] --END-- [ RunTime:0.002000s ]
SQL: SHOW COLUMNS FROM `member` [ RunTime:0.0030s ]
SQL: SELECT `exptime` FROM `member` WHERE ( id=1000 ) LIMIT 1   [ RunTime:0.0000s ]
SQL: UPDATE `member` SET `exptime`='1463477505' WHERE ( id=1000 ) [ RunTime:0.0010s ]

[ 2016-05-17T17:48:41+08:00 ] 127.0.0.1 /123/Admin/Plat/sendmsg
INFO: [ app_begin ] --START--
INFO: Run Behavior\ReadHtmlCacheBehavior [ RunTime:0.001000s ]
INFO: [ app_begin ] --END-- [ RunTime:0.002000s ]
SQL: SHOW COLUMNS FROM `member` [ RunTime:0.0050s ]
SQL: SELECT `exptime` FROM `member` WHERE ( id=1000 ) LIMIT 1   [ RunTime:0.0000s ]
SQL: UPDATE `member` SET `exptime`='1463478521' WHERE ( id=1000 ) [ RunTime:0.0000s ]

[ 2016-05-17T17:49:44+08:00 ] 127.0.0.1 /123/Admin/Plat/sendmsg
INFO: [ app_begin ] --START--
INFO: Run Behavior\ReadHtmlCacheBehavior [ RunTime:0.001000s ]
INFO: [ app_begin ] --END-- [ RunTime:0.001000s ]
SQL: SHOW COLUMNS FROM `member` [ RunTime:0.0030s ]
SQL: SELECT `exptime` FROM `member` WHERE ( id=1000 ) LIMIT 1   [ RunTime:0.0000s ]

[ 2016-05-17T17:50:29+08:00 ] 127.0.0.1 /123/Admin/Plat/sendmsg
INFO: [ app_begin ] --START--
INFO: Run Behavior\ReadHtmlCacheBehavior [ RunTime:0.001000s ]
INFO: [ app_begin ] --END-- [ RunTime:0.001000s ]
SQL: SHOW COLUMNS FROM `member` [ RunTime:0.0040s ]
SQL: SELECT `exptime` FROM `member` WHERE ( id=1000 ) LIMIT 1   [ RunTime:0.0000s ]

[ 2016-05-17T17:51:14+08:00 ] 127.0.0.1 /123/Admin/Plat/sendmsg
INFO: [ app_begin ] --START--
INFO: Run Behavior\ReadHtmlCacheBehavior [ RunTime:0.001000s ]
INFO: [ app_begin ] --END-- [ RunTime:0.001000s ]
SQL: SHOW COLUMNS FROM `member` [ RunTime:0.0030s ]
SQL: SELECT `exptime` FROM `member` WHERE ( id=1000 ) LIMIT 1   [ RunTime:0.0000s ]

[ 2016-05-17T17:51:56+08:00 ] 127.0.0.1 /123/Admin/Plat/sendmsg
INFO: [ app_begin ] --START--
INFO: Run Behavior\ReadHtmlCacheBehavior [ RunTime:0.000000s ]
INFO: [ app_begin ] --END-- [ RunTime:0.001000s ]
SQL: SHOW COLUMNS FROM `member` [ RunTime:0.0030s ]
SQL: SELECT `exptime` FROM `member` WHERE ( id=1000 ) LIMIT 1   [ RunTime:0.0000s ]
SQL: UPDATE `member` SET `exptime`='1463478716' WHERE ( id=1000 ) [ RunTime:0.0000s ]

[ 2016-05-17T17:52:51+08:00 ] 127.0.0.1 /123/Admin/Plat/sendmsg
INFO: [ app_begin ] --START--
INFO: Run Behavior\ReadHtmlCacheBehavior [ RunTime:0.001000s ]
INFO: [ app_begin ] --END-- [ RunTime:0.002000s ]
SQL: SHOW COLUMNS FROM `member` [ RunTime:0.0030s ]
SQL: SELECT `exptime` FROM `member` WHERE ( id=1000 ) LIMIT 1   [ RunTime:0.0000s ]

[ 2016-05-17T17:53:12+08:00 ] 127.0.0.1 /123/Admin/Plat/sendmsg
INFO: [ app_begin ] --START--
INFO: Run Behavior\ReadHtmlCacheBehavior [ RunTime:0.001000s ]
INFO: [ app_begin ] --END-- [ RunTime:0.001000s ]
SQL: SHOW COLUMNS FROM `member` [ RunTime:0.0030s ]
SQL: SELECT `exptime` FROM `member` WHERE ( id=1000 ) LIMIT 1   [ RunTime:0.0000s ]

[ 2016-05-17T17:54:18+08:00 ] 127.0.0.1 /123/Admin/Plat/sendmsg
INFO: [ app_begin ] --START--
INFO: Run Behavior\ReadHtmlCacheBehavior [ RunTime:0.001001s ]
INFO: [ app_begin ] --END-- [ RunTime:0.001001s ]
SQL: SHOW COLUMNS FROM `member` [ RunTime:0.0020s ]
SQL: SELECT `exptime` FROM `member` WHERE ( id=1000 ) LIMIT 1   [ RunTime:0.0000s ]

[ 2016-05-17T17:54:37+08:00 ] 127.0.0.1 /123/Admin/Plat/sendmsg
INFO: [ app_begin ] --START--
INFO: Run Behavior\ReadHtmlCacheBehavior [ RunTime:0.000000s ]
INFO: [ app_begin ] --END-- [ RunTime:0.000000s ]
SQL: SHOW COLUMNS FROM `member` [ RunTime:0.0020s ]
SQL: SELECT `exptime` FROM `member` WHERE ( id=1000 ) LIMIT 1   [ RunTime:0.0000s ]
SQL: UPDATE `member` SET `exptime`='1463478877' WHERE ( id=1000 ) [ RunTime:0.0010s ]

[ 2016-05-17T17:55:40+08:00 ] 127.0.0.1 /123/Admin/Plat/sendmsg
INFO: [ app_begin ] --START--
INFO: Run Behavior\ReadHtmlCacheBehavior [ RunTime:0.000000s ]
INFO: [ app_begin ] --END-- [ RunTime:0.001000s ]
SQL: SHOW COLUMNS FROM `member` [ RunTime:0.0040s ]
SQL: SELECT `exptime` FROM `member` WHERE ( id=1000 ) LIMIT 1   [ RunTime:0.0000s ]

[ 2016-05-17T17:56:04+08:00 ] 127.0.0.1 /123/Admin/Plat/sendmsg
INFO: [ app_begin ] --START--
INFO: Run Behavior\ReadHtmlCacheBehavior [ RunTime:0.001000s ]
INFO: [ app_begin ] --END-- [ RunTime:0.001000s ]
SQL: SHOW COLUMNS FROM `member` [ RunTime:0.0030s ]
SQL: SELECT `exptime` FROM `member` WHERE ( id=1000 ) LIMIT 1   [ RunTime:0.0000s ]
NOTIC: [8] Undefined variable: gets D:\WWW\123\Application\Admin\Controller\PlatController.class.php 第 51 行.

[ 2016-05-17T17:56:05+08:00 ] 127.0.0.1 /123/Admin/Plat/sendmsg
INFO: [ app_begin ] --START--
INFO: Run Behavior\ReadHtmlCacheBehavior [ RunTime:0.001000s ]
INFO: [ app_begin ] --END-- [ RunTime:0.001000s ]
SQL: SHOW COLUMNS FROM `member` [ RunTime:0.0030s ]
SQL: SELECT `exptime` FROM `member` WHERE ( id=1000 ) LIMIT 1   [ RunTime:0.0010s ]
NOTIC: [8] Undefined variable: gets D:\WWW\123\Application\Admin\Controller\PlatController.class.php 第 51 行.

[ 2016-05-17T17:56:13+08:00 ] 127.0.0.1 /123/Admin/Plat/sendmsg
INFO: [ app_begin ] --START--
INFO: Run Behavior\ReadHtmlCacheBehavior [ RunTime:0.001000s ]
INFO: [ app_begin ] --END-- [ RunTime:0.001000s ]
SQL: SHOW COLUMNS FROM `member` [ RunTime:0.0030s ]
SQL: SELECT `exptime` FROM `member` WHERE ( id=1000 ) LIMIT 1   [ RunTime:0.0010s ]
NOTIC: [8] Undefined variable: gets D:\WWW\123\Application\Admin\Controller\PlatController.class.php 第 51 行.

[ 2016-05-17T17:56:49+08:00 ] 127.0.0.1 /123/Admin/Plat/sendmsg
INFO: [ app_begin ] --START--
INFO: Run Behavior\ReadHtmlCacheBehavior [ RunTime:0.000000s ]
INFO: [ app_begin ] --END-- [ RunTime:0.001000s ]
SQL: SHOW COLUMNS FROM `member` [ RunTime:0.0040s ]
SQL: SELECT `exptime` FROM `member` WHERE ( id=1000 ) LIMIT 1   [ RunTime:0.0010s ]
NOTIC: [8] Undefined variable: gets D:\WWW\123\Application\Admin\Controller\PlatController.class.php 第 51 行.

[ 2016-05-17T17:56:58+08:00 ] 127.0.0.1 /123/Admin/Plat/sendmsg
INFO: [ app_begin ] --START--
INFO: Run Behavior\ReadHtmlCacheBehavior [ RunTime:0.001000s ]
INFO: [ app_begin ] --END-- [ RunTime:0.001000s ]
SQL: SHOW COLUMNS FROM `member` [ RunTime:0.0030s ]
SQL: SELECT `exptime` FROM `member` WHERE ( id=1000 ) LIMIT 1   [ RunTime:0.0010s ]
NOTIC: [8] Undefined variable: gets D:\WWW\123\Application\Admin\Controller\PlatController.class.php 第 51 行.

[ 2016-05-17T17:57:27+08:00 ] 127.0.0.1 /123/Admin/Plat/sendmsg
INFO: [ app_begin ] --START--
INFO: Run Behavior\ReadHtmlCacheBehavior [ RunTime:0.001000s ]
INFO: [ app_begin ] --END-- [ RunTime:0.002000s ]
SQL: SHOW COLUMNS FROM `member` [ RunTime:0.0040s ]
SQL: SELECT `exptime` FROM `member` WHERE ( id=1000 ) LIMIT 1   [ RunTime:0.0000s ]
NOTIC: [8] Undefined variable: gets D:\WWW\123\Application\Admin\Controller\PlatController.class.php 第 51 行.

[ 2016-05-17T17:57:48+08:00 ] 127.0.0.1 /123/Admin/Plat/sendmsg
INFO: [ app_begin ] --START--
INFO: Run Behavior\ReadHtmlCacheBehavior [ RunTime:0.000000s ]
INFO: [ app_begin ] --END-- [ RunTime:0.001000s ]
SQL: SHOW COLUMNS FROM `member` [ RunTime:0.0030s ]
SQL: SELECT `exptime` FROM `member` WHERE ( id=1000 ) LIMIT 1   [ RunTime:0.0000s ]
NOTIC: [8] Undefined variable: gets D:\WWW\123\Application\Admin\Controller\PlatController.class.php 第 51 行.

[ 2016-05-17T17:58:45+08:00 ] 127.0.0.1 /123/Admin/Plat/sendmsg
INFO: [ app_begin ] --START--
INFO: Run Behavior\ReadHtmlCacheBehavior [ RunTime:0.000000s ]
INFO: [ app_begin ] --END-- [ RunTime:0.001000s ]
SQL: SHOW COLUMNS FROM `member` [ RunTime:0.0030s ]
SQL: SELECT `exptime` FROM `member` WHERE ( id=1000 ) LIMIT 1   [ RunTime:0.0000s ]
NOTIC: [8] Undefined variable: gets D:\WWW\123\Application\Admin\Controller\PlatController.class.php 第 51 行.

[ 2016-05-17T17:58:53+08:00 ] 127.0.0.1 /123/Admin/Plat/sendmsg
INFO: [ app_begin ] --START--
INFO: Run Behavior\ReadHtmlCacheBehavior [ RunTime:0.000000s ]
INFO: [ app_begin ] --END-- [ RunTime:0.000000s ]
SQL: SHOW COLUMNS FROM `member` [ RunTime:0.0030s ]
SQL: SELECT `exptime` FROM `member` WHERE ( id=1000 ) LIMIT 1   [ RunTime:0.0010s ]
NOTIC: [8] Undefined variable: gets D:\WWW\123\Application\Admin\Controller\PlatController.class.php 第 51 行.

[ 2016-05-17T17:59:15+08:00 ] 127.0.0.1 /123/Admin/Plat/sendmsg
INFO: [ app_begin ] --START--
INFO: Run Behavior\ReadHtmlCacheBehavior [ RunTime:0.000000s ]
INFO: [ app_begin ] --END-- [ RunTime:0.001000s ]
SQL: SHOW COLUMNS FROM `member` [ RunTime:0.0040s ]
SQL: SELECT `exptime` FROM `member` WHERE ( id=1000 ) LIMIT 1   [ RunTime:0.0000s ]
NOTIC: [8] Undefined variable: info D:\WWW\123\Application\Admin\Controller\PlatController.class.php 第 50 行.

[ 2016-05-17T17:59:36+08:00 ] 127.0.0.1 /123/Admin/Plat/sendmsg
INFO: [ app_begin ] --START--
INFO: Run Behavior\ReadHtmlCacheBehavior [ RunTime:0.001000s ]
INFO: [ app_begin ] --END-- [ RunTime:0.001000s ]
SQL: SHOW COLUMNS FROM `member` [ RunTime:0.0030s ]
SQL: SELECT `exptime` FROM `member` WHERE ( id=1000 ) LIMIT 1   [ RunTime:0.0000s ]

[ 2016-05-17T17:59:39+08:00 ] 127.0.0.1 /123/Admin/Plat/sendmsg
INFO: [ app_begin ] --START--
INFO: Run Behavior\ReadHtmlCacheBehavior [ RunTime:0.000000s ]
INFO: [ app_begin ] --END-- [ RunTime:0.001000s ]
SQL: SHOW COLUMNS FROM `member` [ RunTime:0.0020s ]
SQL: SELECT `exptime` FROM `member` WHERE ( id=1000 ) LIMIT 1   [ RunTime:0.0000s ]

[ 2016-05-17T18:00:08+08:00 ] 127.0.0.1 /123/Admin/Plat/sendmsg
INFO: [ app_begin ] --START--
INFO: Run Behavior\ReadHtmlCacheBehavior [ RunTime:0.000000s ]
INFO: [ app_begin ] --END-- [ RunTime:0.001000s ]
SQL: SHOW COLUMNS FROM `member` [ RunTime:0.0030s ]
SQL: SELECT `exptime` FROM `member` WHERE ( id=1000 ) LIMIT 1   [ RunTime:0.0000s ]

[ 2016-05-17T18:00:31+08:00 ] 127.0.0.1 /123/Admin/Plat/sendmsg
INFO: [ app_begin ] --START--
INFO: Run Behavior\ReadHtmlCacheBehavior [ RunTime:0.001000s ]
INFO: [ app_begin ] --END-- [ RunTime:0.001000s ]
SQL: SHOW COLUMNS FROM `member` [ RunTime:0.0040s ]
SQL: SELECT `exptime` FROM `member` WHERE ( id=1000 ) LIMIT 1   [ RunTime:0.0010s ]
SQL: UPDATE `member` SET `exptime`='1463479231' WHERE ( id=1000 ) [ RunTime:0.0000s ]

[ 2016-05-17T18:00:42+08:00 ] 127.0.0.1 /123/Admin/Plat/sendmsg
INFO: [ app_begin ] --START--
INFO: Run Behavior\ReadHtmlCacheBehavior [ RunTime:0.000000s ]
INFO: [ app_begin ] --END-- [ RunTime:0.001000s ]
SQL: SHOW COLUMNS FROM `member` [ RunTime:0.0030s ]
SQL: SELECT `exptime` FROM `member` WHERE ( id=1000 ) LIMIT 1   [ RunTime:0.0000s ]

