[ 2016-05-19T10:18:09+08:00 ] 127.0.0.1 /index.php/Admin/Member/geteam?id=1000
INFO: [ app_begin ] --START--
INFO: Run Behavior\ReadHtmlCacheBehavior [ RunTime:0.000758s ]
INFO: [ app_begin ] --END-- [ RunTime:0.001340s ]
SQL: SHOW COLUMNS FROM `member` [ RunTime:0.0080s ]
SQL: SELECT `id`,`username`,`ulevel` FROM `member` WHERE ( id=1000 ) LIMIT 1   [ RunTime:0.0005s ]
SQL: SELECT `id`,`username`,`treeplace`,`ulevel` FROM `member` WHERE ( fatherid=1000 ) ORDER BY treeplace  [ RunTime:0.0004s ]
SQL: select id,fatherid,username,treeplace,ulevel from member where fatherid in (select id from member where(fatherid=1000)) [ RunTime:0.0012s ]

[ 2016-05-19T10:18:11+08:00 ] 127.0.0.1 /index.php/Admin/Member/getcount?id=1000
INFO: [ app_begin ] --START--
INFO: Run Behavior\ReadHtmlCacheBehavior [ RunTime:0.001124s ]
INFO: [ app_begin ] --END-- [ RunTime:0.002035s ]
SQL: SHOW COLUMNS FROM `member` [ RunTime:0.0090s ]
SQL: SELECT `R`,`L` FROM `member` WHERE ( id=1000 ) LIMIT 1   [ RunTime:0.0005s ]

[ 2016-05-19T10:18:13+08:00 ] 127.0.0.1 /index.php/Admin/Member/getcount?id=1000
INFO: [ app_begin ] --START--
INFO: Run Behavior\ReadHtmlCacheBehavior [ RunTime:0.000760s ]
INFO: [ app_begin ] --END-- [ RunTime:0.001350s ]
SQL: SHOW COLUMNS FROM `member` [ RunTime:0.0066s ]
SQL: SELECT `R`,`L` FROM `member` WHERE ( id=1000 ) LIMIT 1   [ RunTime:0.0004s ]

[ 2016-05-19T10:18:14+08:00 ] 127.0.0.1 /index.php/Admin/Member/getcount?id=1000
INFO: [ app_begin ] --START--
INFO: Run Behavior\ReadHtmlCacheBehavior [ RunTime:0.001105s ]
INFO: [ app_begin ] --END-- [ RunTime:0.001870s ]
SQL: SHOW COLUMNS FROM `member` [ RunTime:0.0067s ]
SQL: SELECT `R`,`L` FROM `member` WHERE ( id=1000 ) LIMIT 1   [ RunTime:0.0004s ]

[ 2016-05-19T10:18:15+08:00 ] 127.0.0.1 /index.php/Admin/Member/getcount?id=3407
INFO: [ app_begin ] --START--
INFO: Run Behavior\ReadHtmlCacheBehavior [ RunTime:0.001550s ]
INFO: [ app_begin ] --END-- [ RunTime:0.002229s ]
SQL: SHOW COLUMNS FROM `member` [ RunTime:0.0096s ]
SQL: SELECT `R`,`L` FROM `member` WHERE ( id=3407 ) LIMIT 1   [ RunTime:0.0006s ]

[ 2016-05-19T10:18:16+08:00 ] 127.0.0.1 /index.php/Admin/Member/geteam?id=3407
INFO: [ app_begin ] --START--
INFO: Run Behavior\ReadHtmlCacheBehavior [ RunTime:0.000750s ]
INFO: [ app_begin ] --END-- [ RunTime:0.001361s ]
SQL: SHOW COLUMNS FROM `member` [ RunTime:0.0133s ]
SQL: SELECT `id`,`username`,`ulevel` FROM `member` WHERE ( id=3407 ) LIMIT 1   [ RunTime:0.0008s ]
SQL: SELECT `id`,`username`,`treeplace`,`ulevel` FROM `member` WHERE ( fatherid=3407 ) ORDER BY treeplace  [ RunTime:0.0009s ]
SQL: select id,fatherid,username,treeplace,ulevel from member where fatherid in (select id from member where(fatherid=3407)) [ RunTime:0.0011s ]

[ 2016-05-19T10:18:17+08:00 ] 127.0.0.1 /index.php/Admin/Member/getcount?id=1000
INFO: [ app_begin ] --START--
INFO: Run Behavior\ReadHtmlCacheBehavior [ RunTime:0.001050s ]
INFO: [ app_begin ] --END-- [ RunTime:0.001799s ]
SQL: SHOW COLUMNS FROM `member` [ RunTime:0.0067s ]
SQL: SELECT `R`,`L` FROM `member` WHERE ( id=1000 ) LIMIT 1   [ RunTime:0.0004s ]

[ 2016-05-19T10:18:18+08:00 ] 127.0.0.1 /index.php/Admin/Member/geteam?id=1000
INFO: [ app_begin ] --START--
INFO: Run Behavior\ReadHtmlCacheBehavior [ RunTime:0.000841s ]
INFO: [ app_begin ] --END-- [ RunTime:0.001500s ]
SQL: SHOW COLUMNS FROM `member` [ RunTime:0.0086s ]
SQL: SELECT `id`,`username`,`ulevel` FROM `member` WHERE ( id=1000 ) LIMIT 1   [ RunTime:0.0007s ]
SQL: SELECT `id`,`username`,`treeplace`,`ulevel` FROM `member` WHERE ( fatherid=1000 ) ORDER BY treeplace  [ RunTime:0.0008s ]
SQL: select id,fatherid,username,treeplace,ulevel from member where fatherid in (select id from member where(fatherid=1000)) [ RunTime:0.0008s ]

[ 2016-05-19T10:18:20+08:00 ] 127.0.0.1 /index.php/Admin/Member/getcount?id=3407
INFO: [ app_begin ] --START--
INFO: Run Behavior\ReadHtmlCacheBehavior [ RunTime:0.001128s ]
INFO: [ app_begin ] --END-- [ RunTime:0.001849s ]
SQL: SHOW COLUMNS FROM `member` [ RunTime:0.0105s ]
SQL: SELECT `R`,`L` FROM `member` WHERE ( id=3407 ) LIMIT 1   [ RunTime:0.0007s ]

[ 2016-05-19T10:18:21+08:00 ] 127.0.0.1 /index.php/Admin/Member/getcount?id=3409
INFO: [ app_begin ] --START--
INFO: Run Behavior\ReadHtmlCacheBehavior [ RunTime:0.000936s ]
INFO: [ app_begin ] --END-- [ RunTime:0.001717s ]
SQL: SHOW COLUMNS FROM `member` [ RunTime:0.0141s ]
SQL: SELECT `R`,`L` FROM `member` WHERE ( id=3409 ) LIMIT 1   [ RunTime:0.0008s ]

[ 2016-05-19T10:18:22+08:00 ] 127.0.0.1 /index.php/Admin/Member/getcount?id=3410
INFO: [ app_begin ] --START--
INFO: Run Behavior\ReadHtmlCacheBehavior [ RunTime:0.001071s ]
INFO: [ app_begin ] --END-- [ RunTime:0.001778s ]
SQL: SHOW COLUMNS FROM `member` [ RunTime:0.0067s ]
SQL: SELECT `R`,`L` FROM `member` WHERE ( id=3410 ) LIMIT 1   [ RunTime:0.0004s ]

[ 2016-05-19T10:18:23+08:00 ] 127.0.0.1 /index.php/Admin/Member/getcount?id=3410
INFO: [ app_begin ] --START--
INFO: Run Behavior\ReadHtmlCacheBehavior [ RunTime:0.000758s ]
INFO: [ app_begin ] --END-- [ RunTime:0.001415s ]
SQL: SHOW COLUMNS FROM `member` [ RunTime:0.0166s ]
SQL: SELECT `R`,`L` FROM `member` WHERE ( id=3410 ) LIMIT 1   [ RunTime:0.0009s ]

[ 2016-05-19T10:18:24+08:00 ] 127.0.0.1 /index.php/Admin/Member/getcount?id=3408
INFO: [ app_begin ] --START--
INFO: Run Behavior\ReadHtmlCacheBehavior [ RunTime:0.001668s ]
INFO: [ app_begin ] --END-- [ RunTime:0.002948s ]
SQL: SHOW COLUMNS FROM `member` [ RunTime:0.0138s ]
SQL: SELECT `R`,`L` FROM `member` WHERE ( id=3408 ) LIMIT 1   [ RunTime:0.0009s ]

[ 2016-05-19T10:18:25+08:00 ] 127.0.0.1 /index.php/Admin/Member/getcount?id=3408
INFO: [ app_begin ] --START--
INFO: Run Behavior\ReadHtmlCacheBehavior [ RunTime:0.000791s ]
INFO: [ app_begin ] --END-- [ RunTime:0.001430s ]
SQL: SHOW COLUMNS FROM `member` [ RunTime:0.0066s ]
SQL: SELECT `R`,`L` FROM `member` WHERE ( id=3408 ) LIMIT 1   [ RunTime:0.0005s ]

[ 2016-05-19T10:18:26+08:00 ] 127.0.0.1 /index.php/Admin/Member/getcount?id=3408
INFO: [ app_begin ] --START--
INFO: Run Behavior\ReadHtmlCacheBehavior [ RunTime:0.000899s ]
INFO: [ app_begin ] --END-- [ RunTime:0.001704s ]
SQL: SHOW COLUMNS FROM `member` [ RunTime:0.0094s ]
SQL: SELECT `R`,`L` FROM `member` WHERE ( id=3408 ) LIMIT 1   [ RunTime:0.0006s ]

[ 2016-05-19T10:18:29+08:00 ] 127.0.0.1 /index.php/Admin/Member/getcount?id=1000
INFO: [ app_begin ] --START--
INFO: Run Behavior\ReadHtmlCacheBehavior [ RunTime:0.000857s ]
INFO: [ app_begin ] --END-- [ RunTime:0.001514s ]
SQL: SHOW COLUMNS FROM `member` [ RunTime:0.0083s ]
SQL: SELECT `R`,`L` FROM `member` WHERE ( id=1000 ) LIMIT 1   [ RunTime:0.0005s ]

[ 2016-05-19T10:18:31+08:00 ] 127.0.0.1 /index.php/Admin/Member/getcount?id=3407
INFO: [ app_begin ] --START--
INFO: Run Behavior\ReadHtmlCacheBehavior [ RunTime:0.001033s ]
INFO: [ app_begin ] --END-- [ RunTime:0.001783s ]
SQL: SHOW COLUMNS FROM `member` [ RunTime:0.0135s ]
SQL: SELECT `R`,`L` FROM `member` WHERE ( id=3407 ) LIMIT 1   [ RunTime:0.0010s ]

[ 2016-05-19T10:18:33+08:00 ] 127.0.0.1 /index.php/Admin/Member/getcount?id=3407
INFO: [ app_begin ] --START--
INFO: Run Behavior\ReadHtmlCacheBehavior [ RunTime:0.000891s ]
INFO: [ app_begin ] --END-- [ RunTime:0.001496s ]
SQL: SHOW COLUMNS FROM `member` [ RunTime:0.0065s ]
SQL: SELECT `R`,`L` FROM `member` WHERE ( id=3407 ) LIMIT 1   [ RunTime:0.0006s ]

[ 2016-05-19T10:18:34+08:00 ] 127.0.0.1 /index.php/Admin/Member/getcount?id=3409
INFO: [ app_begin ] --START--
INFO: Run Behavior\ReadHtmlCacheBehavior [ RunTime:0.000861s ]
INFO: [ app_begin ] --END-- [ RunTime:0.001563s ]
SQL: SHOW COLUMNS FROM `member` [ RunTime:0.0093s ]
SQL: SELECT `R`,`L` FROM `member` WHERE ( id=3409 ) LIMIT 1   [ RunTime:0.0005s ]

[ 2016-05-19T10:18:36+08:00 ] 127.0.0.1 /index.php/Admin/Member/getcount?id=3409
INFO: [ app_begin ] --START--
INFO: Run Behavior\ReadHtmlCacheBehavior [ RunTime:0.001146s ]
INFO: [ app_begin ] --END-- [ RunTime:0.002225s ]
SQL: SHOW COLUMNS FROM `member` [ RunTime:0.0136s ]
SQL: SELECT `R`,`L` FROM `member` WHERE ( id=3409 ) LIMIT 1   [ RunTime:0.0008s ]

[ 2016-05-19T10:18:37+08:00 ] 127.0.0.1 /index.php/Admin/Member/getcount?id=3410
INFO: [ app_begin ] --START--
INFO: Run Behavior\ReadHtmlCacheBehavior [ RunTime:0.000848s ]
INFO: [ app_begin ] --END-- [ RunTime:0.001515s ]
SQL: SHOW COLUMNS FROM `member` [ RunTime:0.0094s ]
SQL: SELECT `R`,`L` FROM `member` WHERE ( id=3410 ) LIMIT 1   [ RunTime:0.0005s ]

[ 2016-05-19T10:18:38+08:00 ] 127.0.0.1 /index.php/Admin/Member/getcount?id=3410
INFO: [ app_begin ] --START--
INFO: Run Behavior\ReadHtmlCacheBehavior [ RunTime:0.001851s ]
INFO: [ app_begin ] --END-- [ RunTime:0.002887s ]
SQL: SHOW COLUMNS FROM `member` [ RunTime:0.0128s ]
SQL: SELECT `R`,`L` FROM `member` WHERE ( id=3410 ) LIMIT 1   [ RunTime:0.0008s ]

[ 2016-05-19T10:18:40+08:00 ] 127.0.0.1 /index.php/Admin/Member/getcount?id=3410
INFO: [ app_begin ] --START--
INFO: Run Behavior\ReadHtmlCacheBehavior [ RunTime:0.000797s ]
INFO: [ app_begin ] --END-- [ RunTime:0.001531s ]
SQL: SHOW COLUMNS FROM `member` [ RunTime:0.0112s ]
SQL: SELECT `R`,`L` FROM `member` WHERE ( id=3410 ) LIMIT 1   [ RunTime:0.0006s ]

[ 2016-05-19T10:18:41+08:00 ] 127.0.0.1 /index.php/Admin/Member/getcount?id=3410
INFO: [ app_begin ] --START--
INFO: Run Behavior\ReadHtmlCacheBehavior [ RunTime:0.001080s ]
INFO: [ app_begin ] --END-- [ RunTime:0.001874s ]
SQL: SHOW COLUMNS FROM `member` [ RunTime:0.0144s ]
SQL: SELECT `R`,`L` FROM `member` WHERE ( id=3410 ) LIMIT 1   [ RunTime:0.0010s ]

[ 2016-05-19T10:18:42+08:00 ] 127.0.0.1 /index.php/Admin/Member/getcount?id=3410
INFO: [ app_begin ] --START--
INFO: Run Behavior\ReadHtmlCacheBehavior [ RunTime:0.000866s ]
INFO: [ app_begin ] --END-- [ RunTime:0.001525s ]
SQL: SHOW COLUMNS FROM `member` [ RunTime:0.0134s ]
SQL: SELECT `R`,`L` FROM `member` WHERE ( id=3410 ) LIMIT 1   [ RunTime:0.0008s ]

[ 2016-05-19T10:18:43+08:00 ] 127.0.0.1 /index.php/Admin/Member/getcount?id=3411
INFO: [ app_begin ] --START--
INFO: Run Behavior\ReadHtmlCacheBehavior [ RunTime:0.000839s ]
INFO: [ app_begin ] --END-- [ RunTime:0.001433s ]
SQL: SHOW COLUMNS FROM `member` [ RunTime:0.0087s ]
SQL: SELECT `R`,`L` FROM `member` WHERE ( id=3411 ) LIMIT 1   [ RunTime:0.0005s ]

[ 2016-05-19T10:18:44+08:00 ] 127.0.0.1 /index.php/Admin/Member/getcount?id=3411
INFO: [ app_begin ] --START--
INFO: Run Behavior\ReadHtmlCacheBehavior [ RunTime:0.000795s ]
INFO: [ app_begin ] --END-- [ RunTime:0.001458s ]
SQL: SHOW COLUMNS FROM `member` [ RunTime:0.0134s ]
SQL: SELECT `R`,`L` FROM `member` WHERE ( id=3411 ) LIMIT 1   [ RunTime:0.0008s ]

[ 2016-05-19T10:18:45+08:00 ] 127.0.0.1 /index.php/Admin/Member/getcount?id=3411
INFO: [ app_begin ] --START--
INFO: Run Behavior\ReadHtmlCacheBehavior [ RunTime:0.001176s ]
INFO: [ app_begin ] --END-- [ RunTime:0.002123s ]
SQL: SHOW COLUMNS FROM `member` [ RunTime:0.0131s ]
SQL: SELECT `R`,`L` FROM `member` WHERE ( id=3411 ) LIMIT 1   [ RunTime:0.0008s ]

[ 2016-05-19T10:18:47+08:00 ] 127.0.0.1 /index.php/Admin/Member/getcount?id=3412
INFO: [ app_begin ] --START--
INFO: Run Behavior\ReadHtmlCacheBehavior [ RunTime:0.000948s ]
INFO: [ app_begin ] --END-- [ RunTime:0.001572s ]
SQL: SHOW COLUMNS FROM `member` [ RunTime:0.0085s ]
SQL: SELECT `R`,`L` FROM `member` WHERE ( id=3412 ) LIMIT 1   [ RunTime:0.0005s ]

[ 2016-05-19T10:18:48+08:00 ] 127.0.0.1 /index.php/Admin/Member/getcount?id=1000
INFO: [ app_begin ] --START--
INFO: Run Behavior\ReadHtmlCacheBehavior [ RunTime:0.000748s ]
INFO: [ app_begin ] --END-- [ RunTime:0.001341s ]
SQL: SHOW COLUMNS FROM `member` [ RunTime:0.0135s ]
SQL: SELECT `R`,`L` FROM `member` WHERE ( id=1000 ) LIMIT 1   [ RunTime:0.0009s ]

[ 2016-05-19T10:18:51+08:00 ] 127.0.0.1 /index.php/Admin/Member/getcount?id=1000
INFO: [ app_begin ] --START--
INFO: Run Behavior\ReadHtmlCacheBehavior [ RunTime:0.000854s ]
INFO: [ app_begin ] --END-- [ RunTime:0.001519s ]
SQL: SHOW COLUMNS FROM `member` [ RunTime:0.0065s ]
SQL: SELECT `R`,`L` FROM `member` WHERE ( id=1000 ) LIMIT 1   [ RunTime:0.0004s ]

